AndroidNativeBBD/build/outputs/logs/manifest-merger-App-debug-report.txt
-- Merging decision tree log ---
manifest
ADDED from Android_Git/AndroidNativeBBD/AndroidManifest.xml:25:1-66:12
	package
		ADDED from Android_Git/AndroidNativeBBD/AndroidManifest.xml:26:11-68
		INJECTED from Android_Git/AndroidNativeBBD/AndroidManifest.xml
		INJECTED from Android_Git/AndroidNativeBBD/AndroidManifest.xml
	android:versionName
		ADDED from Android_Git/AndroidNativeBBD/AndroidManifest.xml:28:11-40
		INJECTED from Android_Git/AndroidNativeBBD/AndroidManifest.xml
		INJECTED from Android_Git/AndroidNativeBBD/AndroidManifest.xml
	android:versionCode
		ADDED from Android_Git/AndroidNativeBBD/AndroidManifest.xml:27:11-34
		INJECTED from Android_Git/AndroidNativeBBD/AndroidManifest.xml
		INJECTED from Android_Git/AndroidNativeBBD/AndroidManifest.xml
	xmlns:android
		ADDED from Android_Git/AndroidNativeBBD/AndroidManifest.xml:25:11-69
application
ADDED from Android_Git/AndroidNativeBBD/AndroidManifest.xml:34:5-65:19
MERGED from [AndroidNativeBBD:GDLibrary:unspecified] AndroidManifest.xml:17:5-77:19
MERGED from [AndroidNativeBBD:GDLibrary_BackupSupport:unspecified] AndroidManifest.xml:11:5-12:19
MERGED from [com.android.support:appcompat-v7:24.2.1] AndroidManifest.xml:25:5-20
MERGED from [com.android.support:support-v4:24.2.1] AndroidManifest.xml:25:5-20
MERGED from [com.android.support:support-fragment:24.2.1] AndroidManifest.xml:25:5-20
MERGED from [com.android.support:support-media-compat:24.2.1] AndroidManifest.xml:25:5-20
MERGED from [com.android.support:support-core-ui:24.2.1] AndroidManifest.xml:25:5-20
MERGED from [com.android.support:support-core-utils:24.2.1] AndroidManifest.xml:25:5-20
MERGED from [com.android.support:animated-vector-drawable:24.2.1] AndroidManifest.xml:22:5-20
MERGED from [com.android.support:support-vector-drawable:24.2.1] AndroidManifest.xml:23:5-20
MERGED from [com.android.support:support-compat:24.2.1] AndroidManifest.xml:25:5-20
	android:label
		ADDED from Android_Git/AndroidNativeBBD/AndroidManifest.xml:36:13-45
	android:supportsRtl
		ADDED from [AndroidNativeBBD:GDLibrary:unspecified] AndroidManifest.xml:17:18-45
	android:fullBackupContent
		ADDED from Android_Git/AndroidNativeBBD/AndroidManifest.xml:40:13-62
	android:allowBackup
		ADDED from Android_Git/AndroidNativeBBD/AndroidManifest.xml:39:13-39
	android:icon
		ADDED from Android_Git/AndroidNativeBBD/AndroidManifest.xml:38:13-49
	android:theme
		ADDED from Android_Git/AndroidNativeBBD/AndroidManifest.xml:37:13-58
	android:name
		ADDED from Android_Git/AndroidNativeBBD/AndroidManifest.xml:35:13-48
meta-data#GDApplicationVersion
ADDED from Android_Git/AndroidNativeBBD/AndroidManifest.xml:41:9-81
	android:value
		ADDED from Android_Git/AndroidNativeBBD/AndroidManifest.xml:41:56-78
	android:name
		ADDED from Android_Git/AndroidNativeBBD/AndroidManifest.xml:41:20-55
activity#com.wellsfargo.internalapps.gd.androidnativebbd.Skeleton
ADDED from Android_Git/AndroidNativeBBD/AndroidManifest.xml:48:9-64:20
	android:enabled
		ADDED from Android_Git/AndroidNativeBBD/AndroidManifest.xml:50:17-39
	android:name
		ADDED from Android_Git/AndroidNativeBBD/AndroidManifest.xml:49:17-40
intent-filter#android.intent.action.MAIN+android.intent.category.LAUNCHER
ADDED from Android_Git/AndroidNativeBBD/AndroidManifest.xml:56:13-63:29
action#android.intent.action.MAIN
ADDED from Android_Git/AndroidNativeBBD/AndroidManifest.xml:59:17-69
	android:name
		ADDED from Android_Git/AndroidNativeBBD/AndroidManifest.xml:59:25-66
category#android.intent.category.LAUNCHER
ADDED from Android_Git/AndroidNativeBBD/AndroidManifest.xml:62:17-77
	android:name
		ADDED from Android_Git/AndroidNativeBBD/AndroidManifest.xml:62:27-74
uses-sdk
INJECTED from Android_Git/AndroidNativeBBD/AndroidManifest.xml reason: use-sdk injection requested
MERGED from [AndroidNativeBBD:GDLibrary:unspecified] AndroidManifest.xml:8:5-44
MERGED from [AndroidNativeBBD:GDLibrary_BackupSupport:unspecified] AndroidManifest.xml:7:5-9:41
MERGED from [com.android.support:appcompat-v7:24.2.1] AndroidManifest.xml:21:5-23:78
MERGED from [com.android.support:support-v4:24.2.1] AndroidManifest.xml:21:5-23:54
MERGED from [com.android.support:support-fragment:24.2.1] AndroidManifest.xml:21:5-23:60
MERGED from [com.android.support:support-media-compat:24.2.1] AndroidManifest.xml:21:5-23:63
MERGED from [com.android.support:support-core-ui:24.2.1] AndroidManifest.xml:21:5-23:58
MERGED from [com.android.support:support-core-utils:24.2.1] AndroidManifest.xml:21:5-23:61
MERGED from [com.android.support:animated-vector-drawable:24.2.1] AndroidManifest.xml:20:5-44
MERGED from [com.android.support:support-vector-drawable:24.2.1] AndroidManifest.xml:21:5-43
MERGED from [com.android.support:support-compat:24.2.1] AndroidManifest.xml:21:5-23:58
	tools:overrideLibrary
		ADDED from [com.android.support:appcompat-v7:24.2.1] AndroidManifest.xml:23:9-75
	android:targetSdkVersion
		INJECTED from Android_Git/AndroidNativeBBD/AndroidManifest.xml
		INJECTED from Android_Git/AndroidNativeBBD/AndroidManifest.xml
	android:minSdkVersion
		INJECTED from Android_Git/AndroidNativeBBD/AndroidManifest.xml
		INJECTED from Android_Git/AndroidNativeBBD/AndroidManifest.xml
uses-permission#android.permission.INTERNET
ADDED from [AndroidNativeBBD:GDLibrary:unspecified] AndroidManifest.xml:10:5-67
	android:name
		ADDED from [AndroidNativeBBD:GDLibrary:unspecified] AndroidManifest.xml:10:22-64
uses-permission#android.permission.ACCESS_NETWORK_STATE
ADDED from [AndroidNativeBBD:GDLibrary:unspecified] AndroidManifest.xml:11:5-79
	android:name
		ADDED from [AndroidNativeBBD:GDLibrary:unspecified] AndroidManifest.xml:11:22-76
uses-permission#android.permission.ACCESS_WIFI_STATE
ADDED from [AndroidNativeBBD:GDLibrary:unspecified] AndroidManifest.xml:12:5-76
	android:name
		ADDED from [AndroidNativeBBD:GDLibrary:unspecified] AndroidManifest.xml:12:22-73
uses-permission#android.permission.WAKE_LOCK
ADDED from [AndroidNativeBBD:GDLibrary:unspecified] AndroidManifest.xml:13:5-68
	android:name
		ADDED from [AndroidNativeBBD:GDLibrary:unspecified] AndroidManifest.xml:13:22-65
uses-permission#android.permission.READ_PHONE_STATE
ADDED from [AndroidNativeBBD:GDLibrary:unspecified] AndroidManifest.xml:14:5-75
	android:name
		ADDED from [AndroidNativeBBD:GDLibrary:unspecified] AndroidManifest.xml:14:22-72
uses-permission#android.permission.USE_FINGERPRINT
ADDED from [AndroidNativeBBD:GDLibrary:unspecified] AndroidManifest.xml:15:5-74
	android:name
		ADDED from [AndroidNativeBBD:GDLibrary:unspecified] AndroidManifest.xml:15:22-71
activity#com.good.gd.ui.GDInternalActivity
ADDED from [AndroidNativeBBD:GDLibrary:unspecified] AndroidManifest.xml:20:9-22:58
	android:windowSoftInputMode
		ADDED from [AndroidNativeBBD:GDLibrary:unspecified] AndroidManifest.xml:22:13-55
	android:name
		ADDED from [AndroidNativeBBD:GDLibrary:unspecified] AndroidManifest.xml:21:13-61
activity#com.good.gd.ui.runtimepermissions_ui.GDRuntimePermissionsControlActivity
ADDED from [AndroidNativeBBD:GDLibrary:unspecified] AndroidManifest.xml:25:9-109
	android:name
		ADDED from [AndroidNativeBBD:GDLibrary:unspecified] AndroidManifest.xml:25:19-106
service#com.good.gd.service.GDService
ADDED from [AndroidNativeBBD:GDLibrary:unspecified] AndroidManifest.xml:28:9-32:19
	android:enabled
		ADDED from [AndroidNativeBBD:GDLibrary:unspecified] AndroidManifest.xml:30:13-35
	android:exported
		ADDED from [AndroidNativeBBD:GDLibrary:unspecified] AndroidManifest.xml:31:13-37
	android:name
		ADDED from [AndroidNativeBBD:GDLibrary:unspecified] AndroidManifest.xml:29:13-57
service#com.good.gd.service.GDIccService
ADDED from [AndroidNativeBBD:GDLibrary:unspecified] AndroidManifest.xml:35:9-52:19
	android:enabled
		ADDED from [AndroidNativeBBD:GDLibrary:unspecified] AndroidManifest.xml:37:13-35
	android:exported
		ADDED from [AndroidNativeBBD:GDLibrary:unspecified] AndroidManifest.xml:38:13-36
	tools:ignore
		ADDED from [AndroidNativeBBD:GDLibrary:unspecified] AndroidManifest.xml:39:13-43
	android:name
		ADDED from [AndroidNativeBBD:GDLibrary:unspecified] AndroidManifest.xml:36:13-60
intent-filter#com.good.gd.intent.action.ACTION_ICC_COMMAND
ADDED from [AndroidNativeBBD:GDLibrary:unspecified] AndroidManifest.xml:45:13-47:29
action#com.good.gd.intent.action.ACTION_ICC_COMMAND
ADDED from [AndroidNativeBBD:GDLibrary:unspecified] AndroidManifest.xml:46:17-87
	android:name
		ADDED from [AndroidNativeBBD:GDLibrary:unspecified] AndroidManifest.xml:46:25-84
meta-data#GD_ICC_VERSION
ADDED from [AndroidNativeBBD:GDLibrary:unspecified] AndroidManifest.xml:49:13-51:39
	android:value
		ADDED from [AndroidNativeBBD:GDLibrary:unspecified] AndroidManifest.xml:51:17-36
	android:name
		ADDED from [AndroidNativeBBD:GDLibrary:unspecified] AndroidManifest.xml:50:17-46
activity#com.good.gt.ndkproxy.icc.IccActivity
ADDED from [AndroidNativeBBD:GDLibrary:unspecified] AndroidManifest.xml:55:9-63:20
	android:exported
		ADDED from [AndroidNativeBBD:GDLibrary:unspecified] AndroidManifest.xml:58:13-36
	android:alwaysRetainTaskState
		ADDED from [AndroidNativeBBD:GDLibrary:unspecified] AndroidManifest.xml:57:13-49
	android:theme
		ADDED from [AndroidNativeBBD:GDLibrary:unspecified] AndroidManifest.xml:59:13-59
	android:name
		ADDED from [AndroidNativeBBD:GDLibrary:unspecified] AndroidManifest.xml:56:13-64
activity#com.good.gd.GDIccReceivingActivity
ADDED from [AndroidNativeBBD:GDLibrary:unspecified] AndroidManifest.xml:64:9-72:20
	android:excludeFromRecents
		ADDED from [AndroidNativeBBD:GDLibrary:unspecified] AndroidManifest.xml:67:13-46
	android:exported
		ADDED from [AndroidNativeBBD:GDLibrary:unspecified] AndroidManifest.xml:68:13-36
	android:alwaysRetainTaskState
		ADDED from [AndroidNativeBBD:GDLibrary:unspecified] AndroidManifest.xml:66:13-49
	android:name
		ADDED from [AndroidNativeBBD:GDLibrary:unspecified] AndroidManifest.xml:65:13-62
activity#com.good.gd.ui.dialogs.GDDialogActivity
ADDED from [AndroidNativeBBD:GDLibrary:unspecified] AndroidManifest.xml:73:9-76:55
	android:excludeFromRecents
		ADDED from [AndroidNativeBBD:GDLibrary:unspecified] AndroidManifest.xml:75:13-46
	android:theme
		ADDED from [AndroidNativeBBD:GDLibrary:unspecified] AndroidManifest.xml:76:13-52
	android:name
		ADDED from [AndroidNativeBBD:GDLibrary:unspecified] AndroidManifest.xml:74:13-67